This is pdfTeX, Version 3.1415926-2.5-1.40.14 (TeX Live 2013/Debian) (format=prv_Resume 2015.1.23)  23 JAN 2015 17:51
entering extended mode
 restricted \write18 enabled.
 %&-line parsing enabled.
**&prv_Resume _region_.tex
(./_region_.tex
LaTeX2e <2011/06/27>
Babel <3.9h> and hyphenation patterns for 4 languages loaded.
CUSTOMISED FORMAT. Preloaded files:
        .
 article.cls    2007/10/19 v1.4h Standard LaTeX document class
  size10.clo    2007/10/19 v1.4h Standard LaTeX file (size option)
 amsmath.sty    2013/01/14 v2.14 AMS math features
 amstext.sty    2000/06/29 v2.01
  amsgen.sty    1999/11/30 v2.0
  amsbsy.sty    1999/11/29 v1.2d
  amsopn.sty    1999/12/14 v2.01 operator names
amsfonts.sty    2013/01/14 v3.01 Basic AMSFonts support
  amsthm.sty    2004/08/06 v2.20
graphicx.sty    1999/02/16 v1.0f Enhanced LaTeX Graphics (DPC,SPQR)
  keyval.sty    1999/03/16 v1.13 key=value parser (DPC)
graphics.sty    2009/02/05 v1.0o Standard LaTeX Graphics (DPC,SPQR)
    trig.sty    1999/03/16 v1.09 sin cos tan (DPC)
graphics.cfg    2010/04/23 v1.9 graphics configuration of TeX Live
   dvips.def    1999/02/16 v3.0i Driver-dependant file (DPC,SPQR)
geometry.sty    2010/09/12 v5.6 Page Geometry
   ifpdf.sty    2011/01/30 v2.3 Provides the ifpdf switch (HO)
  ifvtex.sty    2010/03/01 v1.5 Detect VTeX and its facilities (HO)
 ifxetex.sty    2010/09/12 v0.6 Provides ifxetex conditional
     url.sty    2013/09/16  ver 3.4  Verb mode for urls, etc.
 wrapfig.sty    2003/01/31  v 3.6
   array.sty    2008/09/09 v2.4c Tabular extension package (FMi)
 sectsty.sty    2002/02/25 v2.0.2 Commands to change all sectional heading styl
es
  xcolor.sty    2007/01/21 v2.11 LaTeX color extensions (UK)
   color.cfg    2007/01/18 v1.5 color configuration of teTeX/TeXLive
  svgnam.def    2007/01/21 v2.11 Predefined colors according to SVG 1.1 (UK)
multirow.sty    
dashrule.sty    2013/03/28 v1.3 Dashed rules
 ifmtarg.sty    2009/09/02 v1.2a check for an empty argument
arydshln.sty    2004/08/31 v1.71 
    umsa.fd    2013/01/14 v3.01 AMS symbols A
    umsb.fd    2013/01/14 v3.01 AMS symbols B
        .
No file _region_.aux.
LaTeX Font Info:    Checking defaults for OML/cmm/m/it on input line 58.
LaTeX Font Info:    ... okay on input line 58.
LaTeX Font Info:    Checking defaults for T1/cmr/m/n on input line 58.
LaTeX Font Info:    ... okay on input line 58.
LaTeX Font Info:    Checking defaults for OT1/cmr/m/n on input line 58.
LaTeX Font Info:    ... okay on input line 58.
LaTeX Font Info:    Checking defaults for OMS/cmsy/m/n on input line 58.
LaTeX Font Info:    ... okay on input line 58.
LaTeX Font Info:    Checking defaults for OMX/cmex/m/n on input line 58.
LaTeX Font Info:    ... okay on input line 58.
LaTeX Font Info:    Checking defaults for U/cmr/m/n on input line 58.
LaTeX Font Info:    ... okay on input line 58.
(/usr/share/texmf/tex/latex/preview/preview.sty
Package: preview 2010/02/14 11.87 (AUCTeX/preview-latex)

(/usr/share/texmf/tex/latex/preview/prtightpage.def
\PreviewBorder=\dimen135
)
(/usr/share/texmf/tex/latex/preview/prauctex.def
No auxiliary output files.


\hbadness=\count114
\hfuzz=\dimen136
(/usr/share/texmf/tex/latex/preview/prauctex.cfg))
(/usr/share/texmf/tex/latex/preview/prfootnotes.def)
\pr@snippet=\count115
\pr@box=\box30
\pr@output=\toks30

Preview: Fontsize 10pt
)
*geometry* driver: auto-detecting
*geometry* detected driver: dvips
*geometry* verbose mode - [ preamble ] result:
* driver: dvips
* paper: <default>
* layout: <same size as paper>
* layoutoffset:(h,v)=(0.0pt,0.0pt)
* modes: 
* h-part:(L,W,R)=(92.14519pt, 430.00462pt, 92.14519pt)
* v-part:(T,H,B)=(95.39737pt, 556.47656pt, 143.09605pt)
* \paperwidth=614.295pt
* \paperheight=794.96999pt
* \textwidth=430.00462pt
* \textheight=556.47656pt
* \oddsidemargin=19.8752pt
* \evensidemargin=19.8752pt
* \topmargin=-13.87262pt
* \headheight=12.0pt
* \headsep=25.0pt
* \topskip=10.0pt
* \footskip=30.0pt
* \marginparwidth=65.0pt
* \marginparsep=11.0pt
* \columnsep=10.0pt
* \skip\footins=9.0pt plus 4.0pt minus 2.0pt
* \hoffset=0.0pt
* \voffset=0.0pt
* \mag=1000
* \@twocolumnfalse
* \@twosidefalse
* \@mparswitchfalse
* \@reversemarginfalse
* (1in=72.27pt=25.4mm, 1cm=28.453pt)

 !name(Resume.tex) !offset(-3) 
! Preview: Snippet 1 started.
<-><->
      
l.64 		\includegraphics
                       [width=0.25\textwidth]{photo.jpg}
Not a real error.


! LaTeX Error: Cannot determine size of graphic in photo.jpg (no BoundingBox).

See the LaTeX manual or LaTeX Companion for explanation.
Type  H <return>  for immediate help.
 ...                                              
                                                  
l.64 ...egraphics[width=0.25\textwidth]{photo.jpg}
                                                  
Try typing  <return>  to proceed.
If that doesn't work, type  X <return>  to quit.

File: photo.jpg Graphic file (type eps)
<photo.jpg>
Preview: Tightpage -32891 -32891 32891 32891
! Preview: Snippet 1 ended.(7045601+0x7045195).
<-><->
      
l.64 ...egraphics[width=0.25\textwidth]{photo.jpg}
                                                  
Not a real error.

[1]
LaTeX Font Info:    Try loading font information for OT1+phv on input line 67.
 (/usr/share/texlive/texmf-dist/tex/latex/psnfss/ot1phv.fd
File: ot1phv.fd 2001/06/04 scalable font definitions for OT1/phv.
)
! Preview: Snippet 2 started.
<-><->
      
l.69 $
      2^{nd}$ year undergraduate\\
Not a real error.

! Preview: Snippet 2 ended.(556402+0x957233).
<-><->
      
l.69 $2^{nd}$
              year undergraduate\\
Not a real error.

[2]
! Preview: Snippet 3 started.
<-><->
      
l.75 \NewPart{Education}
                        {}
Not a real error.

! Preview: Snippet 3 ended.(699292+327680x28180783).
<-><->
      
l.75 \NewPart{Education}
                        {}
Not a real error.

[3]
! Preview: Snippet 4 started.
<-><->
      
l.83 \NewPart{Scholastic Acheivements}
                                      {}
Not a real error.

! Preview: Snippet 4 ended.(699292+327680x28180783).
<-><->
      
l.83 \NewPart{Scholastic Acheivements}
                                      {}
Not a real error.

[4]  !name(Resume.tex) !offset(-5)  ) 
Here is how much of TeX's memory you used:
 234 strings out of 492045
 3190 string characters out of 6142400
 131736 words of memory out of 5000000
 6323 multiletter control sequences out of 15000+600000
 10243 words of font info for 36 fonts, out of 8000000 for 9000
 36 hyphenation exceptions out of 8191
 22i,12n,25p,2785b,264s stack positions out of 5000i,500n,10000p,200000b,80000s

Output written on _region_.dvi (4 pages, 2168 bytes).
